digraph G {
size="7,15"; center = true; 1 [label = "compilationUnit", shape = box];
2 [label = "normalClassDeclaration", shape = box, color=lightblue style=filled];
1->2 [ ];
3 [label = "Keyword__class", shape = box, color=lightblue style=filled];
2->3 [ ];
4 [label = "Identifier__Test", shape = box, color=lightblue style=filled];
2->4 [ ];
5 [label = "classBody", shape = box, color=lightblue style=filled];
2->5 [ ];
6 [label = "Separator__{", shape = box, color=lightblue style=filled];
5->6 [ ];
7 [label = "MethodDeclaration", shape = box, color=lightblue style=filled];
5->7 [ ];
8 [label = "Keyword__private", shape = box, color=lightblue style=filled];
7->8 [ ];
9 [label = "MethodHeader", shape = box, color=lightblue style=filled];
7->9 [ ];
10 [label = "Identifier__String", shape = box, color=lightblue style=filled];
9->10 [ ];
11 [label = "MethodDeclarator", shape = box, color=lightblue style=filled];
9->11 [ ];
12 [label = "Identifier__concatenate", shape = box, color=lightblue style=filled];
11->12 [ ];
13 [label = "Separator__(", shape = box, color=lightblue style=filled];
11->13 [ ];
14 [label = "FormalParameterList", shape = box, color=lightblue style=filled];
11->14 [ ];
15 [label = "Parameters", shape = box, color=lightblue style=filled];
14->15 [ ];
16 [label = "FormalParameter", shape = box, color=lightblue style=filled];
15->16 [ ];
17 [label = "Identifier__String", shape = box, color=lightblue style=filled];
16->17 [ ];
18 [label = "Identifier__a", shape = box, color=lightblue style=filled];
16->18 [ ];
19 [label = "Separator__,", shape = box, color=lightblue style=filled];
14->19 [ ];
20 [label = "FormalParameter", shape = box, color=lightblue style=filled];
14->20 [ ];
21 [label = "Identifier__String", shape = box, color=lightblue style=filled];
20->21 [ ];
22 [label = "Identifier__b", shape = box, color=lightblue style=filled];
20->22 [ ];
23 [label = "Separator__)", shape = box, color=lightblue style=filled];
11->23 [ ];
24 [label = "Block", shape = box, color=lightblue style=filled];
7->24 [ ];
25 [label = "Separator__{", shape = box, color=lightblue style=filled];
24->25 [ ];
26 [label = "Separator__}", shape = box, color=lightblue style=filled];
24->26 [ ];
27 [label = "BlockStatements", shape = box, color=lightblue style=filled];
24->27 [ ];
28 [label = "LocalVariableDeclarationStatement", shape = box, color=lightblue style=filled];
27->28 [ ];
29 [label = "Separator__;", shape = box, color=lightblue style=filled];
28->29 [ ];
30 [label = "LocalVariableDeclaration", shape = box, color=lightblue style=filled];
28->30 [ ];
31 [label = "Identifier__String", shape = box, color=lightblue style=filled];
30->31 [ ];
32 [label = "VariableDeclarator", shape = box, color=lightblue style=filled];
30->32 [ ];
33 [label = "Identifier__conc", shape = box, color=lightblue style=filled];
32->33 [ ];
34 [label = "OP__+", shape = box, color=lightblue style=filled];
33->34 [ ];
35 [label = "Identifier__a", shape = box, color=lightblue style=filled];
34->35 [ ];
36 [label = "Identifier__b", shape = box, color=lightblue style=filled];
34->36 [ ];
37 [label = "=", shape = box, color=lightblue style=filled];
32->37 [ ];
38 [label = "OP__+", shape = box, color=lightblue style=filled];
32->38 [ ];
39 [label = "Identifier__a", shape = box, color=lightblue style=filled];
38->39 [ ];
40 [label = "Identifier__b", shape = box, color=lightblue style=filled];
38->40 [ ];
41 [label = "BreakStatement", shape = box, color=lightblue style=filled];
27->41 [ ];
42 [label = "Keyword__return", shape = box, color=lightblue style=filled];
41->42 [ ];
43 [label = "Identifier__conc", shape = box, color=lightblue style=filled];
41->43 [ ];
44 [label = "Separator__;", shape = box, color=lightblue style=filled];
41->44 [ ];
45 [label = "Separator__}", shape = box, color=lightblue style=filled];
5->45 [ ];
46 [label = "EOF__<EOF>", shape = box, color=lightblue style=filled];
1->46 [ ];
}