1, label, _Inner1
2, label, _initalize
3, readParam, _dim3
4, readParam, _dim2
5, readParam, _dim1
6, =, _i, 0
7, label, label_0
8, <, _tVar_0, _i, _dim1
9, ifgoto, _tVar_0, label_1
10, goto, label_2
11, label, label_1
12, getarr, _tVar_1, _a, _i
13, =, _tVar_1, _i
14, setarr, _a, _i, _tVar_1
15, label, label_3
16, +, _i, _i, 1
17, goto, label_0
18, label, label_2



BLOCKTYPE None 
_project None 1 Identifier 
_unittests None 1 Identifier 

scope1
CLASSTYPE _Inner1 
_Inner1 None 3 Identifier 
_a long 4 15 17 Identifier 
_b None 5 Identifier 
_initalize None 14 Identifier 

scope2
_initalize _initalize 
_dim1 int 14 16 Identifier 
_dim2 int 14 Identifier 
_dim3 int 14 Identifier 

scope3
BLOCKTYPE None 

scope4
BLOCKTYPE None 
_i int 16 16 16 17 17 Identifier 
_label_0 label 0 Identifier 
_label_1 label 0 Identifier 
_label_2 label 0 Identifier 
_label_3 label 0 Identifier 
_tVar_0 bool 0 Identifier 

scope5
BLOCKTYPE None 
_tVar_1 long 0 Identifier 

scope6
CLASSTYPE _ArrayTypeCheck 
_ArrayTypeCheck None 51 Identifier 
_main None 52 Identifier 

scope7
_main _main 
_String None 52 Identifier 
_args _String 52 Identifier 

scope8
BLOCKTYPE None 
_Inner1 None 54 54 Identifier 
_b int 59 Identifier 
_obj1 _Inner1 54 Identifier 

